<?xml version="1.0" encoding="UTF-8"?>
<!-- Generated by org.testng.reporters.JUnitReportReporter -->
<testsuite hostname="DESKTOP-J32HHR3" failures="0" tests="1" name="practice.launch" time="14.537" errors="0" timestamp="2023-06-19T11:42:52 IST" skipped="0">
  <testcase classname="practice.launch" name="add" time="14.537"/>
  <system-out/>
</testsuite> <!-- practice.launch -->
