<?xml version="1.0" encoding="UTF-8"?>
<!-- Generated by org.testng.reporters.JUnitReportReporter -->
<testsuite hostname="DESKTOP-J32HHR3" failures="0" tests="5" name="practice.datadriven" time="171.444" errors="0" timestamp="2023-06-13T12:17:46 IST" skipped="0">
  <testcase classname="practice.datadriven" name="register_data_test" time="34.421"/>
  <system-out/>
  <testcase classname="practice.datadriven" name="register_data_test" time="28.157"/>
  <system-out/>
  <testcase classname="practice.datadriven" name="register_data_test" time="40.446"/>
  <system-out/>
  <testcase classname="practice.datadriven" name="register_data_test" time="36.996"/>
  <system-out/>
  <testcase classname="practice.datadriven" name="register_data_test" time="31.424"/>
  <system-out/>
</testsuite> <!-- practice.datadriven -->
